{"timestamp":"2026-03-03T16:00:51.658019Z","level":"info","event":"DAG bundles loaded: dags-folder, example_dags","logger":"airflow.dag_processing.bundles.manager.DagBundlesManager","filename":"manager.py","lineno":179}
{"timestamp":"2026-03-03T16:00:51.661369Z","level":"info","event":"Filling up the DagBag from /opt/airflow/dags/my_etl_dag.py","logger":"airflow.models.dagbag.BundleDagBag","filename":"dagbag.py","lineno":593}
{"timestamp":"2026-03-03T16:00:51.724382Z","level":"info","event":"Task instance is in running state","logger":"task.stdout"}
{"timestamp":"2026-03-03T16:00:51.725518Z","level":"info","event":" Previous state of the Task instance: TaskInstanceState.QUEUED","logger":"task.stdout"}
{"timestamp":"2026-03-03T16:00:51.726225Z","level":"info","event":"Current task name:transform_data","logger":"task.stdout"}
{"timestamp":"2026-03-03T16:00:51.726825Z","level":"info","event":"Dag name:etl","logger":"task.stdout"}
{"timestamp":"2026-03-03T16:00:51.795948Z","level":"warning","event":"Passing literal json to 'read_json' is deprecated and will be removed in a future version. To read from a literal string, wrap it in a 'StringIO' object.","category":"FutureWarning","filename":"/opt/airflow/dags/my_etl_dag.py","lineno":29,"logger":"py.warnings"}
{"timestamp":"2026-03-03T16:00:51.980326Z","level":"info","event":"Starting Cleaning Process...","logger":"task.stdout"}
{"timestamp":"2026-03-03T16:00:51.989674Z","level":"info","event":"Duplicates Removed: 0","logger":"task.stdout"}
{"timestamp":"2026-03-03T16:00:51.990274Z","level":"info","event":"Null values before cleaning:","logger":"task.stdout"}
{"timestamp":"2026-03-03T16:00:51.993152Z","level":"info","event":"orderid                0","logger":"task.stdout"}
{"timestamp":"2026-03-03T16:00:51.994100Z","level":"info","event":"date                   0","logger":"task.stdout"}
{"timestamp":"2026-03-03T16:00:51.994591Z","level":"info","event":"customerid             0","logger":"task.stdout"}
{"timestamp":"2026-03-03T16:00:51.995085Z","level":"info","event":"product                0","logger":"task.stdout"}
{"timestamp":"2026-03-03T16:00:51.995421Z","level":"info","event":"quantity               0","logger":"task.stdout"}
{"timestamp":"2026-03-03T16:00:51.995741Z","level":"info","event":"unitprice              0","logger":"task.stdout"}
{"timestamp":"2026-03-03T16:00:51.996144Z","level":"info","event":"shippingaddress        0","logger":"task.stdout"}
{"timestamp":"2026-03-03T16:00:51.996464Z","level":"info","event":"paymentmethod          0","logger":"task.stdout"}
{"timestamp":"2026-03-03T16:00:51.996884Z","level":"info","event":"orderstatus            0","logger":"task.stdout"}
{"timestamp":"2026-03-03T16:00:51.997363Z","level":"info","event":"trackingnumber         0","logger":"task.stdout"}
{"timestamp":"2026-03-03T16:00:51.997858Z","level":"info","event":"itemsincart            0","logger":"task.stdout"}
{"timestamp":"2026-03-03T16:00:51.998305Z","level":"info","event":"couponcode             0","logger":"task.stdout"}
{"timestamp":"2026-03-03T16:00:51.998758Z","level":"info","event":"referralsource         0","logger":"task.stdout"}
{"timestamp":"2026-03-03T16:00:51.999206Z","level":"info","event":"totalprice             0","logger":"task.stdout"}
{"timestamp":"2026-03-03T16:00:51.999621Z","level":"info","event":"discount_percentage    0","logger":"task.stdout"}
{"timestamp":"2026-03-03T16:00:51.999966Z","level":"info","event":"profit                 0","logger":"task.stdout"}
{"timestamp":"2026-03-03T16:00:52.000249Z","level":"info","event":"discount_amount        0","logger":"task.stdout"}
{"timestamp":"2026-03-03T16:00:52.000513Z","level":"info","event":"total_amount           0","logger":"task.stdout"}
{"timestamp":"2026-03-03T16:00:52.004547Z","level":"info","event":"dtype: int64","logger":"task.stdout"}
{"timestamp":"2026-03-03T16:00:52.011147Z","level":"info","event":"Final Cleaned Rows: 1200","logger":"task.stdout"}
{"timestamp":"2026-03-03T16:00:52.011710Z","level":"info","event":"Transformation Completed.","logger":"task.stdout"}
{"timestamp":"2026-03-03T16:00:52.095002Z","level":"info","event":"Done. Returned value was: None","logger":"airflow.task.operators.airflow.providers.standard.operators.python.PythonOperator","filename":"python.py","lineno":230}
{"timestamp":"2026-03-03T16:00:52.131106Z","level":"info","event":"Task instance in success state","logger":"task.stdout"}
{"timestamp":"2026-03-03T16:00:52.131845Z","level":"info","event":" Previous state of the Task instance: TaskInstanceState.RUNNING","logger":"task.stdout"}
{"timestamp":"2026-03-03T16:00:52.132498Z","level":"info","event":"Task operator:<Task(PythonOperator): transform_data>","logger":"task.stdout"}
