{"timestamp":"2026-03-04T09:03:42.782307Z","level":"info","event":"DAG bundles loaded: dags-folder, example_dags","logger":"airflow.dag_processing.bundles.manager.DagBundlesManager","filename":"manager.py","lineno":179}
{"timestamp":"2026-03-04T09:03:42.797107Z","level":"info","event":"Filling up the DagBag from /opt/airflow/dags/my_etl_dag.py","logger":"airflow.models.dagbag.BundleDagBag","filename":"dagbag.py","lineno":593}
{"timestamp":"2026-03-04T09:03:43.881644Z","level":"info","event":"Task instance is in running state","logger":"task.stdout"}
{"timestamp":"2026-03-04T09:03:43.888190Z","level":"info","event":" Previous state of the Task instance: TaskInstanceState.QUEUED","logger":"task.stdout"}
{"timestamp":"2026-03-04T09:03:43.904082Z","level":"info","event":"Current task name:transform_data","logger":"task.stdout"}
{"timestamp":"2026-03-04T09:03:43.908324Z","level":"info","event":"Dag name:etl","logger":"task.stdout"}
{"timestamp":"2026-03-04T09:03:46.267016Z","level":"warning","event":"Passing literal json to 'read_json' is deprecated and will be removed in a future version. To read from a literal string, wrap it in a 'StringIO' object.","category":"FutureWarning","filename":"/opt/airflow/dags/my_etl_dag.py","lineno":29,"logger":"py.warnings"}
{"timestamp":"2026-03-04T09:03:46.951722Z","level":"info","event":"Starting Cleaning Process...","logger":"task.stdout"}
{"timestamp":"2026-03-04T09:03:46.990745Z","level":"info","event":"Duplicates Removed: 0","logger":"task.stdout"}
{"timestamp":"2026-03-04T09:03:46.992280Z","level":"info","event":"Null values before cleaning:","logger":"task.stdout"}
{"timestamp":"2026-03-04T09:03:47.005747Z","level":"info","event":"orderid                0","logger":"task.stdout"}
{"timestamp":"2026-03-04T09:03:47.008796Z","level":"info","event":"date                   0","logger":"task.stdout"}
{"timestamp":"2026-03-04T09:03:47.011554Z","level":"info","event":"customerid             0","logger":"task.stdout"}
{"timestamp":"2026-03-04T09:03:47.014301Z","level":"info","event":"product                0","logger":"task.stdout"}
{"timestamp":"2026-03-04T09:03:47.015722Z","level":"info","event":"quantity               0","logger":"task.stdout"}
{"timestamp":"2026-03-04T09:03:47.016958Z","level":"info","event":"unitprice              0","logger":"task.stdout"}
{"timestamp":"2026-03-04T09:03:47.020353Z","level":"info","event":"shippingaddress        0","logger":"task.stdout"}
{"timestamp":"2026-03-04T09:03:47.023554Z","level":"info","event":"paymentmethod          0","logger":"task.stdout"}
{"timestamp":"2026-03-04T09:03:47.025051Z","level":"info","event":"orderstatus            0","logger":"task.stdout"}
{"timestamp":"2026-03-04T09:03:47.033282Z","level":"info","event":"trackingnumber         0","logger":"task.stdout"}
{"timestamp":"2026-03-04T09:03:47.042291Z","level":"info","event":"itemsincart            0","logger":"task.stdout"}
{"timestamp":"2026-03-04T09:03:47.051832Z","level":"info","event":"couponcode             0","logger":"task.stdout"}
{"timestamp":"2026-03-04T09:03:47.053860Z","level":"info","event":"referralsource         0","logger":"task.stdout"}
{"timestamp":"2026-03-04T09:03:47.057680Z","level":"info","event":"totalprice             0","logger":"task.stdout"}
{"timestamp":"2026-03-04T09:03:47.059450Z","level":"info","event":"discount_percentage    0","logger":"task.stdout"}
{"timestamp":"2026-03-04T09:03:47.060712Z","level":"info","event":"profit                 0","logger":"task.stdout"}
{"timestamp":"2026-03-04T09:03:47.061846Z","level":"info","event":"discount_amount        0","logger":"task.stdout"}
{"timestamp":"2026-03-04T09:03:47.069269Z","level":"info","event":"total_amount           0","logger":"task.stdout"}
{"timestamp":"2026-03-04T09:03:47.072825Z","level":"info","event":"dtype: int64","logger":"task.stdout"}
{"timestamp":"2026-03-04T09:03:47.084679Z","level":"info","event":"Final Cleaned Rows: 1200","logger":"task.stdout"}
{"timestamp":"2026-03-04T09:03:47.091421Z","level":"info","event":"Transformation Completed.","logger":"task.stdout"}
{"timestamp":"2026-03-04T09:03:47.564025Z","level":"info","event":"Done. Returned value was: None","logger":"airflow.task.operators.airflow.providers.standard.operators.python.PythonOperator","filename":"python.py","lineno":230}
{"timestamp":"2026-03-04T09:03:47.863677Z","level":"info","event":"Task instance in success state","logger":"task.stdout"}
{"timestamp":"2026-03-04T09:03:47.867967Z","level":"info","event":" Previous state of the Task instance: TaskInstanceState.RUNNING","logger":"task.stdout"}
{"timestamp":"2026-03-04T09:03:47.876828Z","level":"info","event":"Task operator:<Task(PythonOperator): transform_data>","logger":"task.stdout"}
